<?xml version="1.0" encoding="UTF-8"?>
<testsuite name="regioJetTest" tests="1" skipped="0" failures="0" errors="0" timestamp="2021-09-12T21:24:28" hostname="MAVERICKPCBUILD" time="7.209">
  <properties/>
  <testcase name="getFastestArrivalTime()" classname="regioJetTest" time="7.209"/>
  <system-out><![CDATA[]]></system-out>
  <system-err><![CDATA[SLF4J: Failed to load class "org.slf4j.impl.StaticLoggerBinder".
SLF4J: Defaulting to no-operation (NOP) logger implementation
SLF4J: See http://www.slf4j.org/codes.html#StaticLoggerBinder for further details.
Starting ChromeDriver 93.0.4577.63 (ff5c0da2ec0adeaed5550e6c7e98417dac77d98a-refs/branch-heads/4577@{#1135}) on port 23031
Only local connections are allowed.
Please see https://chromedriver.chromium.org/security-considerations for suggestions on keeping ChromeDriver safe.
ChromeDriver was started successfully.
zář 12, 2021 11:24:30 ODP. org.openqa.selenium.remote.ProtocolHandshake createSession
INFO: Detected dialect: W3C
]]></system-err>
</testsuite>
